This file contains any messages produced by compilers while
running configure, to aid debugging if configure makes a mistake.

It was created by bibledit configure 5.0.990, which was
generated by GNU Autoconf 2.71.  Invocation command line was

  $ /Users/teus/dev/cloud/configure

## --------- ##
## Platform. ##
## --------- ##

hostname = macbook
uname -m = x86_64
uname -r = 21.4.0
uname -s = Darwin
uname -v = Darwin Kernel Version 21.4.0: Fri Mar 18 00:45:05 PDT 2022; root:xnu-8020.101.4~15/RELEASE_X86_64

/usr/bin/uname -p = i386
/bin/uname -X     = unknown

/bin/arch              = unknown
/usr/bin/arch -k       = unknown
/usr/convex/getsysinfo = unknown
/usr/bin/hostinfo      = Mach kernel version:
	 Darwin Kernel Version 21.4.0: Fri Mar 18 00:45:05 PDT 2022; root:xnu-8020.101.4~15/RELEASE_X86_64
Kernel configured for up to 8 processors.
4 processors are physically available.
8 processors are logically available.
Processor type: x86_64h (Intel x86-64h Haswell)
Processors active: 0 1 2 3 4 5 6 7
Primary memory available: 16.00 gigabytes
Default processor set: 495 tasks, 1755 threads, 8 processors
Load average: 2.32, Mach factor: 5.70
/bin/machine           = unknown
/usr/bin/oslevel       = unknown
/bin/universe          = unknown

PATH: /Users/teus/scr/google-cloud-sdk/bin/
PATH: /usr/local/bin/
PATH: /usr/bin/
PATH: /bin/
PATH: /usr/sbin/
PATH: /sbin/
PATH: /Library/Apple/usr/bin/
PATH: /Library/Apple/bin/
PATH: /opt/local/sbin/
PATH: /opt/local/bin/
PATH: /Applications/VMware Fusion.app/Contents/Public/
PATH: /usr/local/share/dotnet/
PATH: /opt/X11/bin/
PATH: ~/.dotnet/tools/
PATH: /Library/Frameworks/Mono.framework/Versions/Current/Commands/


## ----------- ##
## Core tests. ##
## ----------- ##

configure:2578: looking for aux files: compile config.guess config.sub missing install-sh
configure:2591:  trying /Users/teus/dev/cloud/
configure:2620:   /Users/teus/dev/cloud/compile found
configure:2620:   /Users/teus/dev/cloud/config.guess found
configure:2620:   /Users/teus/dev/cloud/config.sub found
configure:2620:   /Users/teus/dev/cloud/missing found
configure:2602:   /Users/teus/dev/cloud/install-sh found
configure:2749: checking for a BSD-compatible install
configure:2822: result: /usr/bin/install -c
configure:2833: checking whether build environment is sane
configure:2888: result: yes
configure:3047: checking for a race-free mkdir -p
configure:3091: result: /opt/local/bin/gmkdir -p
configure:3098: checking for gawk
configure:3119: found /opt/local/bin/gawk
configure:3130: result: gawk
configure:3141: checking whether make sets $(MAKE)
configure:3164: result: yes
configure:3194: checking whether make supports nested variables
configure:3212: result: yes
configure:3297: checking whether UID '501' is supported by ustar format
configure:3300: result: yes
configure:3307: checking whether GID '20' is supported by ustar format
configure:3310: result: yes
configure:3318: checking how to create a ustar tar archive
configure:3329: tar --version
bsdtar 3.5.1 - libarchive 3.5.1 zlib/1.2.11 liblzma/5.0.5 bz2lib/1.0.8 
configure:3332: $? = 0
configure:3372: tardir=conftest.dir && eval tar --format=ustar -chf - "$tardir" >conftest.tar
configure:3375: $? = 0
configure:3379: tar -xf - <conftest.tar
configure:3382: $? = 0
configure:3384: cat conftest.dir/file
GrepMe
configure:3387: $? = 0
configure:3401: result: gnutar
configure:3471: checking build system type
configure:3486: result: x86_64-apple-darwin21.4.0
configure:3570: checking for gcc
configure:3591: found /usr/bin/gcc
configure:3602: result: gcc
configure:3955: checking for C compiler version
configure:3964: gcc --version >&5
Apple clang version 13.1.6 (clang-1316.0.21.2.5)
Target: x86_64-apple-darwin21.4.0
Thread model: posix
InstalledDir: /Applications/Xcode.app/Contents/Developer/Toolchains/XcodeDefault.xctoolchain/usr/bin
configure:3975: $? = 0
configure:3964: gcc -v >&5
Apple clang version 13.1.6 (clang-1316.0.21.2.5)
Target: x86_64-apple-darwin21.4.0
Thread model: posix
InstalledDir: /Applications/Xcode.app/Contents/Developer/Toolchains/XcodeDefault.xctoolchain/usr/bin
configure:3975: $? = 0
configure:3964: gcc -V >&5
clang: error: argument to '-V' is missing (expected 1 value)
clang: error: no input files
configure:3975: $? = 1
configure:3964: gcc -qversion >&5
clang: error: unknown argument '-qversion'; did you mean '--version'?
clang: error: no input files
configure:3975: $? = 1
configure:3964: gcc -version >&5
clang: error: unknown argument '-version'; did you mean '--version'?
clang: error: no input files
configure:3975: $? = 1
configure:3995: checking whether the C compiler works
configure:4017: gcc    conftest.c  >&5
configure:4021: $? = 0
configure:4071: result: yes
configure:4074: checking for C compiler default output file name
configure:4076: result: a.out
configure:4082: checking for suffix of executables
configure:4089: gcc -o conftest    conftest.c  >&5
configure:4093: $? = 0
configure:4116: result: 
configure:4138: checking whether we are cross compiling
configure:4146: gcc -o conftest    conftest.c  >&5
configure:4150: $? = 0
configure:4157: ./conftest
configure:4161: $? = 0
configure:4176: result: no
configure:4181: checking for suffix of object files
configure:4204: gcc -c   conftest.c >&5
configure:4208: $? = 0
configure:4230: result: o
configure:4234: checking whether the compiler supports GNU C
configure:4254: gcc -c   conftest.c >&5
configure:4254: $? = 0
configure:4264: result: yes
configure:4275: checking whether gcc accepts -g
configure:4296: gcc -c -g  conftest.c >&5
configure:4296: $? = 0
configure:4340: result: yes
configure:4360: checking for gcc option to enable C11 features
configure:4375: gcc  -c -g -O2  conftest.c >&5
configure:4375: $? = 0
configure:4393: result: none needed
configure:4509: checking whether gcc understands -c and -o together
configure:4532: gcc -c conftest.c -o conftest2.o
configure:4535: $? = 0
configure:4532: gcc -c conftest.c -o conftest2.o
configure:4535: $? = 0
configure:4547: result: yes
configure:4567: checking whether make supports the include directive
configure:4582: make -f confmf.GNU && cat confinc.out
this is the am__doit target
configure:4585: $? = 0
configure:4604: result: yes (GNU style)
configure:4630: checking dependency style of gcc
configure:4742: result: gcc3
configure:4826: checking for g++
configure:4847: found /usr/bin/g++
configure:4858: result: g++
configure:4885: checking for C++ compiler version
configure:4894: g++ --version >&5
Apple clang version 13.1.6 (clang-1316.0.21.2.5)
Target: x86_64-apple-darwin21.4.0
Thread model: posix
InstalledDir: /Applications/Xcode.app/Contents/Developer/Toolchains/XcodeDefault.xctoolchain/usr/bin
configure:4905: $? = 0
configure:4894: g++ -v >&5
Apple clang version 13.1.6 (clang-1316.0.21.2.5)
Target: x86_64-apple-darwin21.4.0
Thread model: posix
InstalledDir: /Applications/Xcode.app/Contents/Developer/Toolchains/XcodeDefault.xctoolchain/usr/bin
configure:4905: $? = 0
configure:4894: g++ -V >&5
clang: error: argument to '-V' is missing (expected 1 value)
clang: error: no input files
configure:4905: $? = 1
configure:4894: g++ -qversion >&5
clang: error: unknown argument '-qversion'; did you mean '--version'?
clang: error: no input files
configure:4905: $? = 1
configure:4909: checking whether the compiler supports GNU C++
configure:4929: g++ -c   conftest.cpp >&5
configure:4929: $? = 0
configure:4939: result: yes
configure:4950: checking whether g++ accepts -g
configure:4971: g++ -c -g  conftest.cpp >&5
configure:4971: $? = 0
configure:5015: result: yes
configure:5035: checking for g++ option to enable C++11 features
configure:5050: g++  -c -g -O2  conftest.cpp >&5
conftest.cpp:57:3: error: "Compiler does not advertise C++11 conformance"
# error "Compiler does not advertise C++11 conformance"
  ^
conftest.cpp:62:3: error: unknown type name 'constexpr'
  constexpr int get_val() { return 20; }
  ^
conftest.cpp:74:17: error: delegating constructors are permitted only in C++11
    delegate(): delegate(2354) {}
                ^~~~~~~~
conftest.cpp:85:26: warning: 'override' keyword is a C++11 extension [-Wc++11-extensions]
    virtual int getval() override final { return this->n * 2; }
                         ^
conftest.cpp:85:35: warning: 'final' keyword is a C++11 extension [-Wc++11-extensions]
    virtual int getval() override final { return this->n * 2; }
                                  ^
conftest.cpp:92:16: warning: defaulted function definitions are a C++11 extension [-Wc++11-extensions]
    nocopy() = default;
               ^
conftest.cpp:93:29: warning: deleted function definitions are a C++11 extension [-Wc++11-extensions]
    nocopy(const nocopy&) = delete;
                            ^
conftest.cpp:94:41: warning: deleted function definitions are a C++11 extension [-Wc++11-extensions]
    nocopy & operator=(const nocopy&) = delete;
                                        ^
conftest.cpp:106:25: warning: 'auto' type specifier is a C++11 extension [-Wc++11-extensions]
  template <typename V> auto sum(V first) -> V
                        ^
conftest.cpp:106:25: error: 'auto' not allowed in function return type
  template <typename V> auto sum(V first) -> V
                        ^~~~
conftest.cpp:106:42: error: expected ';' at end of declaration
  template <typename V> auto sum(V first) -> V
                                         ^
                                         ;
conftest.cpp:106:43: error: cannot use arrow operator on a type
  template <typename V> auto sum(V first) -> V
                                          ^
conftest.cpp:110:33: warning: variadic templates are a C++11 extension [-Wc++11-extensions]
  template <typename V, typename... Args> auto sum(V first, Args... rest) -> V
                                ^
conftest.cpp:110:43: warning: 'auto' type specifier is a C++11 extension [-Wc++11-extensions]
  template <typename V, typename... Args> auto sum(V first, Args... rest) -> V
                                          ^
conftest.cpp:110:43: error: 'auto' not allowed in function return type
  template <typename V, typename... Args> auto sum(V first, Args... rest) -> V
                                          ^~~~
conftest.cpp:110:74: error: expected ';' at end of declaration
  template <typename V, typename... Args> auto sum(V first, Args... rest) -> V
                                                                         ^
                                                                         ;
conftest.cpp:110:75: error: cannot use arrow operator on a type
  template <typename V, typename... Args> auto sum(V first, Args... rest) -> V
                                                                          ^
conftest.cpp:134:3: warning: 'auto' type specifier is a C++11 extension [-Wc++11-extensions]
  auto a1 = 6538;
  ^
conftest.cpp:135:3: warning: 'auto' type specifier is a C++11 extension [-Wc++11-extensions]
  auto a2 = 48573953.4;
  ^
conftest.cpp:136:3: warning: 'auto' type specifier is a C++11 extension [-Wc++11-extensions]
  auto a3 = "String literal";
  ^
conftest.cpp:139:8: warning: 'auto' type specifier is a C++11 extension [-Wc++11-extensions]
  for (auto i = a3; *i; ++i) { total += *i; }
       ^
conftest.cpp:155:8: warning: 'auto' type specifier is a C++11 extension [-Wc++11-extensions]
  for (auto &x : array) { x += 23; }
       ^
conftest.cpp:155:16: warning: range-based for loop is a C++11 extension [-Wc++11-extensions]
  for (auto &x : array) { x += 23; }
               ^
conftest.cpp:160:17: error: expected expression
  assert (eval ([](int x) { return x*2; }, 21) == 42);
                ^
conftest.cpp:162:17: error: expected expression
  assert (eval ([&](double x) { return d += x; }, 3.0) == 5.0);
                ^
conftest.cpp:164:17: error: expected expression
  assert (eval ([=](double x) mutable { return d += x; }, 4.0) == 9.0);
                ^
conftest.cpp:170:3: warning: 'auto' type specifier is a C++11 extension [-Wc++11-extensions]
  auto a = sum(1);
  ^
conftest.cpp:170:12: error: no matching function for call to 'sum'
  auto a = sum(1);
           ^~~
conftest.cpp:171:3: warning: 'auto' type specifier is a C++11 extension [-Wc++11-extensions]
  auto b = sum(1, 2);
  ^
conftest.cpp:171:12: error: no matching function for call to 'sum'
  auto b = sum(1, 2);
           ^~~
conftest.cpp:172:3: warning: 'auto' type specifier is a C++11 extension [-Wc++11-extensions]
  auto c = sum(1.0, 2.0, 3.0);
  ^
conftest.cpp:172:12: error: no matching function for call to 'sum'
  auto c = sum(1.0, 2.0, 3.0);
           ^~~
conftest.cpp:177:25: warning: empty parentheses interpreted as a function declaration [-Wvexing-parse]
  cxx11test::delegate d2();
                        ^~
conftest.cpp:177:25: note: remove parentheses to declare a variable
  cxx11test::delegate d2();
                        ^~
conftest.cpp:190:16: error: found '<::' after a template name which forms the digraph '<:' (aka '[') and a ':', did you mean '< ::'?
  test_template<::test_template<int>> v(test_template<int>(12));
               ^~~
               < ::
conftest.cpp:190:36: error: a space is required between consecutive right angle brackets (use '> >')
  test_template<::test_template<int>> v(test_template<int>(12));
                                   ^~
                                   > >
conftest.cpp:194:22: error: use of undeclared identifier 'u8'
  char const *utf8 = u8"UTF-8 string \u2500";
                     ^
conftest.cpp:194:24: error: expected ';' at end of declaration
  char const *utf8 = u8"UTF-8 string \u2500";
                       ^
                       ;
fatal error: too many errors emitted, stopping now [-ferror-limit=]
18 warnings and 20 errors generated.
configure:5050: $? = 1
configure: failed program was:
| /* confdefs.h */
| #define PACKAGE_NAME "bibledit"
| #define PACKAGE_TARNAME "bibledit"
| #define PACKAGE_VERSION "5.0.990"
| #define PACKAGE_STRING "bibledit 5.0.990"
| #define PACKAGE_BUGREPORT "http://bibledit.org"
| #define PACKAGE_URL ""
| #define PACKAGE "bibledit"
| #define VERSION "5.0.990"
| /* end confdefs.h.  */
| 
| // Does the compiler advertise C++98 conformance?
| #if !defined __cplusplus || __cplusplus < 199711L
| # error "Compiler does not advertise C++98 conformance"
| #endif
| 
| // These inclusions are to reject old compilers that
| // lack the unsuffixed header files.
| #include <cstdlib>
| #include <exception>
| 
| // <cassert> and <cstring> are *not* freestanding headers in C++98.
| extern void assert (int);
| namespace std {
|   extern int strcmp (const char *, const char *);
| }
| 
| // Namespaces, exceptions, and templates were all added after "C++ 2.0".
| using std::exception;
| using std::strcmp;
| 
| namespace {
| 
| void test_exception_syntax()
| {
|   try {
|     throw "test";
|   } catch (const char *s) {
|     // Extra parentheses suppress a warning when building autoconf itself,
|     // due to lint rules shared with more typical C programs.
|     assert (!(strcmp) (s, "test"));
|   }
| }
| 
| template <typename T> struct test_template
| {
|   T const val;
|   explicit test_template(T t) : val(t) {}
|   template <typename U> T add(U u) { return static_cast<T>(u) + val; }
| };
| 
| } // anonymous namespace
| 
| 
| // Does the compiler advertise C++ 2011 conformance?
| #if !defined __cplusplus || __cplusplus < 201103L
| # error "Compiler does not advertise C++11 conformance"
| #endif
| 
| namespace cxx11test
| {
|   constexpr int get_val() { return 20; }
| 
|   struct testinit
|   {
|     int i;
|     double d;
|   };
| 
|   class delegate
|   {
|   public:
|     delegate(int n) : n(n) {}
|     delegate(): delegate(2354) {}
| 
|     virtual int getval() { return this->n; };
|   protected:
|     int n;
|   };
| 
|   class overridden : public delegate
|   {
|   public:
|     overridden(int n): delegate(n) {}
|     virtual int getval() override final { return this->n * 2; }
|   };
| 
|   class nocopy
|   {
|   public:
|     nocopy(int i): i(i) {}
|     nocopy() = default;
|     nocopy(const nocopy&) = delete;
|     nocopy & operator=(const nocopy&) = delete;
|   private:
|     int i;
|   };
| 
|   // for testing lambda expressions
|   template <typename Ret, typename Fn> Ret eval(Fn f, Ret v)
|   {
|     return f(v);
|   }
| 
|   // for testing variadic templates and trailing return types
|   template <typename V> auto sum(V first) -> V
|   {
|     return first;
|   }
|   template <typename V, typename... Args> auto sum(V first, Args... rest) -> V
|   {
|     return first + sum(rest...);
|   }
| }
| 
| 
| int
| main (int argc, char **argv)
| {
|   int ok = 0;
|   
|   assert (argc);
|   assert (! argv[0]);
| {
|   test_exception_syntax ();
|   test_template<double> tt (2.0);
|   assert (tt.add (4) == 6.0);
|   assert (true && !false);
| }
| 
|   
| {
|   // Test auto and decltype
|   auto a1 = 6538;
|   auto a2 = 48573953.4;
|   auto a3 = "String literal";
| 
|   int total = 0;
|   for (auto i = a3; *i; ++i) { total += *i; }
| 
|   decltype(a2) a4 = 34895.034;
| }
| {
|   // Test constexpr
|   short sa[cxx11test::get_val()] = { 0 };
| }
| {
|   // Test initializer lists
|   cxx11test::testinit il = { 4323, 435234.23544 };
| }
| {
|   // Test range-based for
|   int array[] = {9, 7, 13, 15, 4, 18, 12, 10, 5, 3,
|                  14, 19, 17, 8, 6, 20, 16, 2, 11, 1};
|   for (auto &x : array) { x += 23; }
| }
| {
|   // Test lambda expressions
|   using cxx11test::eval;
|   assert (eval ([](int x) { return x*2; }, 21) == 42);
|   double d = 2.0;
|   assert (eval ([&](double x) { return d += x; }, 3.0) == 5.0);
|   assert (d == 5.0);
|   assert (eval ([=](double x) mutable { return d += x; }, 4.0) == 9.0);
|   assert (d == 5.0);
| }
| {
|   // Test use of variadic templates
|   using cxx11test::sum;
|   auto a = sum(1);
|   auto b = sum(1, 2);
|   auto c = sum(1.0, 2.0, 3.0);
| }
| {
|   // Test constructor delegation
|   cxx11test::delegate d1;
|   cxx11test::delegate d2();
|   cxx11test::delegate d3(45);
| }
| {
|   // Test override and final
|   cxx11test::overridden o1(55464);
| }
| {
|   // Test nullptr
|   char *c = nullptr;
| }
| {
|   // Test template brackets
|   test_template<::test_template<int>> v(test_template<int>(12));
| }
| {
|   // Unicode literals
|   char const *utf8 = u8"UTF-8 string \u2500";
|   char16_t const *utf16 = u"UTF-8 string \u2500";
|   char32_t const *utf32 = U"UTF-32 string \u2500";
| }
| 
|   return ok;
| }
| 
configure:5068: result: none needed
configure:5134: checking dependency style of g++
configure:5246: result: gcc3
configure:5284: checking whether g++ supports C++17 features with -std=c++17
configure:6085: g++ -std=c++17 -c -g -O2  conftest.cpp >&5
configure:6085: $? = 0
configure:6095: result: yes
configure:6182: checking for ranlib
configure:6203: found /usr/bin/ranlib
configure:6214: result: ranlib
configure:6242: checking for gzip
configure:6265: found /usr/bin/gzip
configure:6278: result: /usr/bin/gzip
configure:6293: checking for gunzip
configure:6316: found /usr/bin/gunzip
configure:6329: result: /usr/bin/gunzip
configure:6344: checking for tar
configure:6367: found /usr/bin/tar
configure:6380: result: /usr/bin/tar
configure:6395: checking for zip
configure:6418: found /usr/bin/zip
configure:6431: result: /usr/bin/zip
configure:6446: checking for unzip
configure:6469: found /usr/bin/unzip
configure:6482: result: /usr/bin/unzip
configure:6497: checking for installmgr
configure:6520: found /opt/local/bin/installmgr
configure:6533: result: /opt/local/bin/installmgr
configure:6543: checking for diatheke
configure:6566: found /opt/local/bin/diatheke
configure:6579: result: /opt/local/bin/diatheke
configure:6648: checking for pkg-config
configure:6671: found /opt/local/bin/pkg-config
configure:6683: result: /opt/local/bin/pkg-config
configure:6708: checking pkg-config is at least version 0.9.0
configure:6711: result: yes
configure:6726: checking for libcurl >= 7.20.0
configure:6733: $PKG_CONFIG --exists --print-errors "libcurl >= 7.20.0"
configure:6736: $? = 0
configure:6750: $PKG_CONFIG --exists --print-errors "libcurl >= 7.20.0"
configure:6753: $? = 0
configure:6791: result: yes
configure:6801: checking for stdio.h
configure:6801: g++ -std=c++17 -c -g -O2  conftest.cpp >&5
configure:6801: $? = 0
configure:6801: result: yes
configure:6801: checking for stdlib.h
configure:6801: g++ -std=c++17 -c -g -O2  conftest.cpp >&5
configure:6801: $? = 0
configure:6801: result: yes
configure:6801: checking for string.h
configure:6801: g++ -std=c++17 -c -g -O2  conftest.cpp >&5
configure:6801: $? = 0
configure:6801: result: yes
configure:6801: checking for inttypes.h
configure:6801: g++ -std=c++17 -c -g -O2  conftest.cpp >&5
configure:6801: $? = 0
configure:6801: result: yes
configure:6801: checking for stdint.h
configure:6801: g++ -std=c++17 -c -g -O2  conftest.cpp >&5
configure:6801: $? = 0
configure:6801: result: yes
configure:6801: checking for strings.h
configure:6801: g++ -std=c++17 -c -g -O2  conftest.cpp >&5
configure:6801: $? = 0
configure:6801: result: yes
configure:6801: checking for sys/stat.h
configure:6801: g++ -std=c++17 -c -g -O2  conftest.cpp >&5
configure:6801: $? = 0
configure:6801: result: yes
configure:6801: checking for sys/types.h
configure:6801: g++ -std=c++17 -c -g -O2  conftest.cpp >&5
configure:6801: $? = 0
configure:6801: result: yes
configure:6801: checking for unistd.h
configure:6801: g++ -std=c++17 -c -g -O2  conftest.cpp >&5
configure:6801: $? = 0
configure:6801: result: yes
configure:6826: checking for curl/curl.h
configure:6826: g++ -std=c++17 -c -g -O2  conftest.cpp >&5
configure:6826: $? = 0
configure:6826: result: yes
configure:6837: checking for openssl >= 0.9.0
configure:6844: $PKG_CONFIG --exists --print-errors "openssl >= 0.9.0"
configure:6847: $? = 0
configure:6861: $PKG_CONFIG --exists --print-errors "openssl >= 0.9.0"
configure:6864: $? = 0
configure:6902: result: yes
configure:6911: checking for libxml-2.0 >= 2.9.0
configure:6918: $PKG_CONFIG --exists --print-errors "libxml-2.0 >= 2.9.0"
configure:6921: $? = 0
configure:6935: $PKG_CONFIG --exists --print-errors "libxml-2.0 >= 2.9.0"
configure:6938: $? = 0
configure:6976: result: yes
configure:6993: checking for mbedtls_ssl_init in -lmbedtls
configure:7015: g++ -std=c++17 -o conftest -g -O2   conftest.cpp -lmbedtls   >&5
ld: library not found for -lmbedtls
clang: error: linker command failed with exit code 1 (use -v to see invocation)
configure:7015: $? = 1
configure: failed program was:
| /* confdefs.h */
| #define PACKAGE_NAME "bibledit"
| #define PACKAGE_TARNAME "bibledit"
| #define PACKAGE_VERSION "5.0.990"
| #define PACKAGE_STRING "bibledit 5.0.990"
| #define PACKAGE_BUGREPORT "http://bibledit.org"
| #define PACKAGE_URL ""
| #define PACKAGE "bibledit"
| #define VERSION "5.0.990"
| #define HAVE_CXX17 1
| #define HAVE_STDIO_H 1
| #define HAVE_STDLIB_H 1
| #define HAVE_STRING_H 1
| #define HAVE_INTTYPES_H 1
| #define HAVE_STDINT_H 1
| #define HAVE_STRINGS_H 1
| #define HAVE_SYS_STAT_H 1
| #define HAVE_SYS_TYPES_H 1
| #define HAVE_UNISTD_H 1
| #define STDC_HEADERS 1
| /* end confdefs.h.  */
| 
| namespace conftest {
|   extern "C" int mbedtls_ssl_init ();
| }
| int
| main (void)
| {
| return conftest::mbedtls_ssl_init ();
|   ;
|   return 0;
| }
configure:7025: result: no
configure:7062: checking for pthread.h
configure:7062: g++ -std=c++17 -c -g -O2  conftest.cpp >&5
configure:7062: $? = 0
configure:7062: result: yes
configure:7071: checking for libproc.h
configure:7071: g++ -std=c++17 -c -g -O2  conftest.cpp >&5
configure:7071: $? = 0
configure:7071: result: yes
configure:7080: checking for execinfo.h
configure:7080: g++ -std=c++17 -c -g -O2  conftest.cpp >&5
configure:7080: $? = 0
configure:7080: result: yes
configure:7089: checking for sys/sysctl.h
configure:7089: g++ -std=c++17 -c -g -O2  conftest.cpp >&5
configure:7089: $? = 0
configure:7089: result: yes
configure:7098: checking for mach/mach.h
configure:7098: g++ -std=c++17 -c -g -O2  conftest.cpp >&5
configure:7098: $? = 0
configure:7098: result: yes
configure:7122: checking whether stoi is available
configure:7132: g++ -std=c++17 -c -g -O2  conftest.cpp >&5
configure:7132: $? = 0
configure:7137: result: yes
configure:7149: checking for icu-i18n >= 60.0
configure:7156: $PKG_CONFIG --exists --print-errors "icu-i18n >= 60.0"
configure:7159: $? = 0
configure:7173: $PKG_CONFIG --exists --print-errors "icu-i18n >= 60.0"
configure:7176: $? = 0
configure:7216: result: yes
configure:7228: checking for libutf8proc >= 2.3.0
configure:7235: $PKG_CONFIG --exists --print-errors "libutf8proc >= 2.3.0"
configure:7238: $? = 0
configure:7252: $PKG_CONFIG --exists --print-errors "libutf8proc >= 2.3.0"
configure:7255: $? = 0
configure:7295: result: yes
configure:7307: checking for gumbo >= 0.10.0
configure:7314: $PKG_CONFIG --exists --print-errors "gumbo >= 0.10.0"
configure:7317: $? = 0
configure:7331: $PKG_CONFIG --exists --print-errors "gumbo >= 0.10.0"
configure:7334: $? = 0
configure:7372: result: yes
configure:7382: checking for tidy >= 5.4.0
configure:7389: $PKG_CONFIG --exists --print-errors "tidy >= 5.4.0"
configure:7392: $? = 0
configure:7406: $PKG_CONFIG --exists --print-errors "tidy >= 5.4.0"
configure:7409: $? = 0
configure:7447: result: yes
configure:7454: checking C++ compiler
configure:7461: result: clang
configure:7689: checking that generated files are newer than configure
configure:7695: result: done
configure:7738: creating ./config.status

## ---------------------- ##
## Running config.status. ##
## ---------------------- ##

This file was extended by bibledit config.status 5.0.990, which was
generated by GNU Autoconf 2.71.  Invocation command line was

  CONFIG_FILES    = 
  CONFIG_HEADERS  = 
  CONFIG_LINKS    = 
  CONFIG_COMMANDS = 
  $ ./config.status 

on macbook

config.status:901: creating Makefile
config.status:901: creating config.h
config.status:1067: config.h is unchanged
config.status:1115: executing depfiles commands
config.status:1192: cd .       && sed -e '/# am--include-marker/d' Makefile         | make -f - am--depfiles
make: Nothing to be done for `am--depfiles'.
config.status:1197: $? = 0

## ---------------- ##
## Cache variables. ##
## ---------------- ##

ac_cv_build=x86_64-apple-darwin21.4.0
ac_cv_c_compiler_gnu=yes
ac_cv_cxx_compiler_gnu=yes
ac_cv_env_CCC_set=
ac_cv_env_CCC_value=
ac_cv_env_CC_set=
ac_cv_env_CC_value=
ac_cv_env_CFLAGS_set=
ac_cv_env_CFLAGS_value=
ac_cv_env_CPPFLAGS_set=
ac_cv_env_CPPFLAGS_value=
ac_cv_env_CURL_CFLAGS_set=
ac_cv_env_CURL_CFLAGS_value=
ac_cv_env_CURL_LIBS_set=
ac_cv_env_CURL_LIBS_value=
ac_cv_env_CXXFLAGS_set=
ac_cv_env_CXXFLAGS_value=
ac_cv_env_CXX_set=
ac_cv_env_CXX_value=
ac_cv_env_GUMBO_CFLAGS_set=
ac_cv_env_GUMBO_CFLAGS_value=
ac_cv_env_GUMBO_LIBS_set=
ac_cv_env_GUMBO_LIBS_value=
ac_cv_env_ICU_CFLAGS_set=
ac_cv_env_ICU_CFLAGS_value=
ac_cv_env_ICU_LIBS_set=
ac_cv_env_ICU_LIBS_value=
ac_cv_env_LDFLAGS_set=
ac_cv_env_LDFLAGS_value=
ac_cv_env_LIBS_set=
ac_cv_env_LIBS_value=
ac_cv_env_OPENSSL_CFLAGS_set=
ac_cv_env_OPENSSL_CFLAGS_value=
ac_cv_env_OPENSSL_LIBS_set=
ac_cv_env_OPENSSL_LIBS_value=
ac_cv_env_PKG_CONFIG_LIBDIR_set=
ac_cv_env_PKG_CONFIG_LIBDIR_value=
ac_cv_env_PKG_CONFIG_PATH_set=
ac_cv_env_PKG_CONFIG_PATH_value=
ac_cv_env_PKG_CONFIG_set=
ac_cv_env_PKG_CONFIG_value=
ac_cv_env_TIDY_CFLAGS_set=
ac_cv_env_TIDY_CFLAGS_value=
ac_cv_env_TIDY_LIBS_set=
ac_cv_env_TIDY_LIBS_value=
ac_cv_env_UTF8PROC_CFLAGS_set=
ac_cv_env_UTF8PROC_CFLAGS_value=
ac_cv_env_UTF8PROC_LIBS_set=
ac_cv_env_UTF8PROC_LIBS_value=
ac_cv_env_XML2_CFLAGS_set=
ac_cv_env_XML2_CFLAGS_value=
ac_cv_env_XML2_LIBS_set=
ac_cv_env_XML2_LIBS_value=
ac_cv_env_build_alias_set=
ac_cv_env_build_alias_value=
ac_cv_env_host_alias_set=
ac_cv_env_host_alias_value=
ac_cv_env_target_alias_set=
ac_cv_env_target_alias_value=
ac_cv_header_curl_curl_h=yes
ac_cv_header_execinfo_h=yes
ac_cv_header_inttypes_h=yes
ac_cv_header_libproc_h=yes
ac_cv_header_mach_mach_h=yes
ac_cv_header_pthread_h=yes
ac_cv_header_stdint_h=yes
ac_cv_header_stdio_h=yes
ac_cv_header_stdlib_h=yes
ac_cv_header_string_h=yes
ac_cv_header_strings_h=yes
ac_cv_header_sys_stat_h=yes
ac_cv_header_sys_sysctl_h=yes
ac_cv_header_sys_types_h=yes
ac_cv_header_unistd_h=yes
ac_cv_lib_mbedtls_mbedtls_ssl_init=no
ac_cv_objext=o
ac_cv_path_DIATHEKE_PATH=/opt/local/bin/diatheke
ac_cv_path_FIND_TAR=/usr/bin/tar
ac_cv_path_GUNZIP_PATH=/usr/bin/gunzip
ac_cv_path_GZIP_PATH=/usr/bin/gzip
ac_cv_path_INSTALLMGR_PATH=/opt/local/bin/installmgr
ac_cv_path_UNZIP_PATH=/usr/bin/unzip
ac_cv_path_ZIP_PATH=/usr/bin/zip
ac_cv_path_ac_pt_PKG_CONFIG=/opt/local/bin/pkg-config
ac_cv_path_install='/usr/bin/install -c'
ac_cv_path_mkdir=/opt/local/bin/gmkdir
ac_cv_prog_AWK=gawk
ac_cv_prog_ac_ct_CC=gcc
ac_cv_prog_ac_ct_CXX=g++
ac_cv_prog_ac_ct_RANLIB=ranlib
ac_cv_prog_cc_c11=
ac_cv_prog_cc_g=yes
ac_cv_prog_cc_stdc=
ac_cv_prog_cxx_11=no
ac_cv_prog_cxx_g=yes
ac_cv_prog_cxx_stdcxx=
ac_cv_prog_make_make_set=yes
am_cv_CC_dependencies_compiler_type=gcc3
am_cv_CXX_dependencies_compiler_type=gcc3
am_cv_make_support_nested_variables=yes
am_cv_prog_cc_c_o=yes
am_cv_prog_tar_ustar=gnutar
ax_cv_cxx_compile_cxx17__std_cpp17=yes
pkg_cv_CURL_CFLAGS=-I/opt/local/include
pkg_cv_CURL_LIBS='-L/opt/local/lib -lcurl'
pkg_cv_GUMBO_CFLAGS=-I/opt/local/include
pkg_cv_GUMBO_LIBS='-L/opt/local/lib -lgumbo'
pkg_cv_ICU_CFLAGS=-I/opt/local/include
pkg_cv_ICU_LIBS='-L/opt/local/lib -licui18n -licuuc -licudata'
pkg_cv_OPENSSL_CFLAGS=-I/opt/local/libexec/openssl3/include
pkg_cv_OPENSSL_LIBS='-L/opt/local/libexec/openssl3/lib -lssl -lcrypto'
pkg_cv_TIDY_CFLAGS=-I/opt/local/include
pkg_cv_TIDY_LIBS='-L/opt/local/lib -ltidy'
pkg_cv_UTF8PROC_CFLAGS='-DUTF8PROC_EXPORTS -I/opt/local/include'
pkg_cv_UTF8PROC_LIBS='-L/opt/local/lib -lutf8proc'
pkg_cv_XML2_CFLAGS=-I/opt/local/include/libxml2
pkg_cv_XML2_LIBS='-L/opt/local/lib -lxml2'

## ----------------- ##
## Output variables. ##
## ----------------- ##

ACLOCAL='${SHELL} '\''/Users/teus/dev/cloud/missing'\'' aclocal-1.16'
AMDEPBACKSLASH='\'
AMDEP_FALSE='#'
AMDEP_TRUE=''
AMTAR='$${TAR-tar}'
AM_BACKSLASH='\'
AM_DEFAULT_V='$(AM_DEFAULT_VERBOSITY)'
AM_DEFAULT_VERBOSITY='1'
AM_V='$(V)'
AUTOCONF='${SHELL} '\''/Users/teus/dev/cloud/missing'\'' autoconf'
AUTOHEADER='${SHELL} '\''/Users/teus/dev/cloud/missing'\'' autoheader'
AUTOMAKE='${SHELL} '\''/Users/teus/dev/cloud/missing'\'' automake-1.16'
AWK='gawk'
CC='gcc'
CCDEPMODE='depmode=gcc3'
CFLAGS='-g -O2'
COMPILERCLANG_FALSE='#'
COMPILERCLANG_TRUE=''
COMPILERGCC_FALSE=''
COMPILERGCC_TRUE='#'
COMPILERWARNINGS_FALSE=''
COMPILERWARNINGS_TRUE='#'
CPPFLAGS=''
CSCOPE='cscope'
CTAGS='ctags'
CURL_CFLAGS='-I/opt/local/include'
CURL_LIBS='-L/opt/local/lib -lcurl'
CXX='g++ -std=c++17'
CXXDEPMODE='depmode=gcc3'
CXXFLAGS='-g -O2'
CYGPATH_W='echo'
DEFS='-DHAVE_CONFIG_H'
DEPDIR='.deps'
DIATHEKE_PATH='/opt/local/bin/diatheke'
ECHO_C='\c'
ECHO_N=''
ECHO_T=''
ETAGS='etags'
EXEEXT=''
FIND_TAR='/usr/bin/tar'
GUMBO_CFLAGS='-I/opt/local/include'
GUMBO_LIBS='-L/opt/local/lib -lgumbo'
GUNZIP_PATH='/usr/bin/gunzip'
GZIP_PATH='/usr/bin/gzip'
HAVE_CXX17='1'
HAVE_LIBMBEDTLS_FALSE=''
HAVE_LIBMBEDTLS_TRUE='#'
ICU_CFLAGS='-I/opt/local/include'
ICU_LIBS='-L/opt/local/lib -licui18n -licuuc -licudata'
INSTALLMGR_PATH='/opt/local/bin/installmgr'
INSTALL_DATA='${INSTALL} -m 644'
INSTALL_PROGRAM='${INSTALL}'
INSTALL_SCRIPT='${INSTALL}'
INSTALL_STRIP_PROGRAM='$(install_sh) -c -s'
LDFLAGS=''
LIBOBJS=''
LIBS=''
LTLIBOBJS=''
MAKEINFO='${SHELL} '\''/Users/teus/dev/cloud/missing'\'' makeinfo'
MKDIR_P='/opt/local/bin/gmkdir -p'
OBJEXT='o'
OPENSSL_CFLAGS='-I/opt/local/libexec/openssl3/include'
OPENSSL_LIBS='-L/opt/local/libexec/openssl3/lib -lssl -lcrypto'
PACKAGE='bibledit'
PACKAGE_BUGREPORT='http://bibledit.org'
PACKAGE_NAME='bibledit'
PACKAGE_STRING='bibledit 5.0.990'
PACKAGE_TARNAME='bibledit'
PACKAGE_URL=''
PACKAGE_VERSION='5.0.990'
PATH_SEPARATOR=':'
PKG_CONFIG='/opt/local/bin/pkg-config'
PKG_CONFIG_LIBDIR=''
PKG_CONFIG_PATH=''
RANLIB='ranlib'
SET_MAKE=''
SHELL='/bin/sh'
STRIP=''
TIDY_CFLAGS='-I/opt/local/include'
TIDY_LIBS='-L/opt/local/lib -ltidy'
UNZIP_PATH='/usr/bin/unzip'
UTF8PROC_CFLAGS='-DUTF8PROC_EXPORTS -I/opt/local/include'
UTF8PROC_LIBS='-L/opt/local/lib -lutf8proc'
VERSION='5.0.990'
XML2_CFLAGS='-I/opt/local/include/libxml2'
XML2_LIBS='-L/opt/local/lib -lxml2'
ZIP_PATH='/usr/bin/zip'
ac_ct_CC='gcc'
ac_ct_CXX='g++'
am__EXEEXT_FALSE=''
am__EXEEXT_TRUE='#'
am__fastdepCC_FALSE='#'
am__fastdepCC_TRUE=''
am__fastdepCXX_FALSE='#'
am__fastdepCXX_TRUE=''
am__include='include'
am__isrc=' -I$(srcdir)'
am__leading_dot='.'
am__nodep='_no'
am__quote=''
am__tar='tar --format=ustar -chf - "$$tardir"'
am__untar='tar -xf -'
bindir='${exec_prefix}/bin'
build='x86_64-apple-darwin21.4.0'
build_alias=''
build_cpu='x86_64'
build_os='darwin21.4.0'
build_vendor='apple'
datadir='${datarootdir}'
datarootdir='${prefix}/share'
docdir='${datarootdir}/doc/${PACKAGE_TARNAME}'
dvidir='${docdir}'
exec_prefix='${prefix}'
host_alias=''
htmldir='${docdir}'
includedir='${prefix}/include'
infodir='${datarootdir}/info'
install_sh='${SHELL} /Users/teus/dev/cloud/install-sh'
libdir='${exec_prefix}/lib'
libexecdir='${exec_prefix}/libexec'
localedir='${datarootdir}/locale'
localstatedir='${prefix}/var'
mandir='${datarootdir}/man'
mkdir_p='$(MKDIR_P)'
oldincludedir='/usr/include'
pdfdir='${docdir}'
prefix='/usr'
program_transform_name='s,x,x,'
psdir='${docdir}'
runstatedir='${localstatedir}/run'
sbindir='${exec_prefix}/sbin'
sharedstatedir='${prefix}/com'
sysconfdir='${prefix}/etc'
target_alias=''

## ----------- ##
## confdefs.h. ##
## ----------- ##

/* confdefs.h */
#define PACKAGE_NAME "bibledit"
#define PACKAGE_TARNAME "bibledit"
#define PACKAGE_VERSION "5.0.990"
#define PACKAGE_STRING "bibledit 5.0.990"
#define PACKAGE_BUGREPORT "http://bibledit.org"
#define PACKAGE_URL ""
#define PACKAGE "bibledit"
#define VERSION "5.0.990"
#define HAVE_CXX17 1
#define HAVE_STDIO_H 1
#define HAVE_STDLIB_H 1
#define HAVE_STRING_H 1
#define HAVE_INTTYPES_H 1
#define HAVE_STDINT_H 1
#define HAVE_STRINGS_H 1
#define HAVE_SYS_STAT_H 1
#define HAVE_SYS_TYPES_H 1
#define HAVE_UNISTD_H 1
#define STDC_HEADERS 1
#define HAVE_PTHREAD 1
#define HAVE_LIBPROC 1
#define HAVE_EXECINFO 1
#define HAVE_SYS_SYSCTL 1
#define HAVE_MACH_MACH 1
#define PACKAGE_DATA_DIR "/usr/share/bibledit"
#define PACKAGE_PREFIX_DIR "NONE"
#define HAVE_STOI 1
#define HAVE_ICU 1
#define HAVE_UTF8PROC 1

configure: exit 0
